{"name": "test_guest_should_see_login_link", "status": "broken", "statusDetails": {"message": "selenium.common.exceptions.WebDriverException: Message: Service TheFinalProject\\chromedriver.exe unexpectedly exited. Status code was: 127", "trace": "request = <SubRequest 'browser' for <Function test_guest_should_see_login_link>>\n\n    @pytest.fixture(scope='function')\n    def browser(request):\n        browser_name = request.config.getoption(\"browser_name\")\n        language = request.config.getoption(\"language\")\n        if browser_name == 'chrome':\n            options = Options()\n            options.add_experimental_option('prefs', {'intl.accept_languages': language})\n            print('\\nstart browser for test..')\n>           browser = webdriver.Chrome(options=options, executable_path=CHROME_PATH)\n\nconftest.py:20: \n_ _ _ _ _ _ _ _ _ _ _ _ _ _ _ _ _ _ _ _ _ _ _ _ _ _ _ _ _ _ _ _ _ _ _ _ _ _ _ _ \n/usr/local/lib/python3.11/site-packages/selenium/webdriver/chrome/webdriver.py:80: in __init__\n    super().__init__(\n/usr/local/lib/python3.11/site-packages/selenium/webdriver/chromium/webdriver.py:101: in __init__\n    self.service.start()\n/usr/local/lib/python3.11/site-packages/selenium/webdriver/common/service.py:106: in start\n    self.assert_process_still_running()\n_ _ _ _ _ _ _ _ _ _ _ _ _ _ _ _ _ _ _ _ _ _ _ _ _ _ _ _ _ _ _ _ _ _ _ _ _ _ _ _ \n\nself = <selenium.webdriver.chrome.service.Service object at 0x7f8a54244a10>\n\n    def assert_process_still_running(self) -> None:\n        \"\"\"Check if the underlying process is still running.\"\"\"\n        return_code = self.process.poll()\n        if return_code:\n>           raise WebDriverException(f\"Service {self.path} unexpectedly exited. Status code was: {return_code}\")\nE           selenium.common.exceptions.WebDriverException: Message: Service TheFinalProject\\chromedriver.exe unexpectedly exited. Status code was: 127\n\n/usr/local/lib/python3.11/site-packages/selenium/webdriver/common/service.py:119: WebDriverException"}, "start": 1681453869471, "stop": 1681453869471, "uuid": "de819353-5116-4a25-89d7-79f91f8f73a0", "historyId": "e2f52038d1b0034d34c8cdf5960768fb", "testCaseId": "4a4071aad84d87f0c6d3b0fc16b175f5", "fullName": "tests.test_main_page.TestLoginFromMainPage#test_guest_should_see_login_link", "labels": [{"name": "tag", "value": "login_guest"}, {"name": "parentSuite", "value": "tests"}, {"name": "suite", "value": "test_main_page"}, {"name": "subSuite", "value": "TestLoginFromMainPage"}, {"name": "host", "value": "cd690aec8a97"}, {"name": "thread", "value": "8-MainThread"}, {"name": "framework", "value": "pytest"}, {"name": "language", "value": "cpython3"}, {"name": "package", "value": "tests.test_main_page"}]}