{"name": "test_quest_can_add_book_to_basket[http://selenium1py.pythonanywhere.com/catalogue/coders-at-work_207/?promo=offer7]", "status": "skipped", "statusDetails": {"message": "XFAIL 8\n\nAssertionError: not include name of book", "trace": "browser = <selenium.webdriver.chrome.webdriver.WebDriver (session=\"70ad9cf7b171148ce31fa0c059470f09\")>, link = 'http://selenium1py.pythonanywhere.com/catalogue/coders-at-work_207/?promo=offer7'\n\n    @allure.epic(\"test of don't remember\")\n    @pytest.mark.need_review\n    @pytest.mark.parametrize('link', [pytest.param(\"http://selenium1py.pythonanywhere.com/catalogue/coders-at-work_207\"\n                                                   \"/?promo=offer0\", marks=pytest.mark.xfail(reason=\"1\")),\n                                      pytest.param(\"http://selenium1py.pythonanywhere.com/catalogue/coders-at-work_207\"\n                                                   \"/?promo=offer1\", marks=pytest.mark.xfail(reason=\"2\")),\n                                      pytest.param(\"http://selenium1py.pythonanywhere.com/catalogue/coders-at-work_207\"\n                                                   \"/?promo=offer2\", marks=pytest.mark.xfail(reason=\"3\")),\n                                      pytest.param(\"http://selenium1py.pythonanywhere.com/catalogue/coders-at-work_207\"\n                                                   \"/?promo=offer3\", marks=pytest.mark.xfail(reason=\"4\")),\n                                      pytest.param(\"http://selenium1py.pythonanywhere.com/catalogue/coders-at-work_207\"\n                                                   \"/?promo=offer4\", marks=pytest.mark.xfail(reason=\"5\")),\n                                      pytest.param(\"http://selenium1py.pythonanywhere.com/catalogue/coders-at-work_207\"\n                                                   \"/?promo=offer5\", marks=pytest.mark.xfail(reason=\"6\")),\n                                      pytest.param(\"http://selenium1py.pythonanywhere.com/catalogue/coders-at-work_207\"\n                                                   \"/?promo=offer6\", marks=pytest.mark.xfail(reason=\"7\")),\n                                      pytest.param(\"http://selenium1py.pythonanywhere.com/catalogue/coders-at-work_207\"\n                                                   \"/?promo=offer7\", marks=pytest.mark.xfail(reason=\"8\")),\n                                      pytest.param(\"http://selenium1py.pythonanywhere.com/catalogue/coders-at-work_207\"\n                                                   \"/?promo=offer8\", marks=pytest.mark.xfail(reason=\"9\")),\n                                      pytest.param(\"http://selenium1py.pythonanywhere.com/catalogue/coders-at-work_207\"\n                                                   \"/?promo=offer9\", marks=pytest.mark.xfail(reason=\"10\"))])\n    def test_quest_can_add_book_to_basket(browser, link):\n        page = ProductPage(browser, link)\n        page.open()\n>       page.should_be_add_to_basket()\n\ntest_product_page.py:34: \n_ _ _ _ _ _ _ _ _ _ _ _ _ _ _ _ _ _ _ _ _ _ _ _ _ _ _ _ _ _ _ _ _ _ _ _ _ _ _ _ _ _ _ _ _ _ _ _ _ _ _ _ _ _ _ _ _ _ _ _ _ _ _ _ _ _ _ _ _ _ _ _ _ _ _ _ _ _ _ _ _ _ _ _ _ _ _ _ _ _ _ _ _ _ _ _ _ _ _ _ _ _ _ _ _ \npages\\product_page.py:12: in should_be_add_to_basket\n    self.include_name_of_book_in_message_of_add()\n_ _ _ _ _ _ _ _ _ _ _ _ _ _ _ _ _ _ _ _ _ _ _ _ _ _ _ _ _ _ _ _ _ _ _ _ _ _ _ _ _ _ _ _ _ _ _ _ _ _ _ _ _ _ _ _ _ _ _ _ _ _ _ _ _ _ _ _ _ _ _ _ _ _ _ _ _ _ _ _ _ _ _ _ _ _ _ _ _ _ _ _ _ _ _ _ _ _ _ _ _ _ _ _ _ \n\nself = <TheFinalProject.pages.product_page.ProductPage object at 0x000001BE1F8D2140>\n\n    def include_name_of_book_in_message_of_add(self):\n>       assert self.browser.find_element(*ProductPageLocators.NAME_OF_GOOD).text \\\n               == self.browser.find_element(*ProductPageLocators.MESSAGE_ADD_BASKET).text, 'not include name of book'\nE       AssertionError: not include name of book\n\npages\\product_page.py:36: AssertionError"}, "steps": [{"name": "что-то пишу не пойму", "status": "passed", "start": 1677484053325, "stop": 1677484053359}], "attachments": [{"name": "stdout", "source": "2091db48-6049-43cd-999e-87f7a74d59ac-attachment.txt", "type": "text/plain"}], "parameters": [{"name": "link", "value": "'http://selenium1py.pythonanywhere.com/catalogue/coders-at-work_207/?promo=offer7'"}], "start": 1677484050481, "stop": 1677484053479, "uuid": "10076a65-efff-4a8f-bd9d-243dc1893682", "historyId": "b119fe9f1dca1a12f85b34ec7e3ab28d", "testCaseId": "d2f2ad3bf142efe72397b00c29a93980", "fullName": "test_product_page#test_quest_can_add_book_to_basket", "labels": [{"name": "epic", "value": "test of don't remember"}, {"name": "tag", "value": "need_review"}, {"name": "tag", "value": "@pytest.mark.xfail(reason='8')"}, {"name": "suite", "value": "test_product_page"}, {"name": "host", "value": "DESKTOP-M21EPSG"}, {"name": "thread", "value": "7620-MainThread"}, {"name": "framework", "value": "pytest"}, {"name": "language", "value": "cpython3"}, {"name": "package", "value": "test_product_page"}]}