{"name": "test_guest_cant_see_success_message", "status": "skipped", "statusDetails": {"message": "XFAIL\n\nselenium.common.exceptions.WebDriverException: Message: Service chromedriver unexpectedly exited. Status code was: 127", "trace": "request = <SubRequest 'browser' for <Function test_guest_cant_see_success_message>>\n\n    @pytest.fixture(scope='function')\n    def browser(request):\n        browser_name = request.config.getoption(\"browser_name\")\n        language = request.config.getoption(\"language\")\n        if browser_name == 'chrome':\n            options = Options()\n            options.add_experimental_option('prefs', {'intl.accept_languages': language})\n            print('\\nstart browser for test..')\n>           browser = webdriver.Chrome(options=options)\n\nconftest.py:20: \n_ _ _ _ _ _ _ _ _ _ _ _ _ _ _ _ _ _ _ _ _ _ _ _ _ _ _ _ _ _ _ _ _ _ _ _ _ _ _ _ \n/usr/local/lib/python3.11/site-packages/selenium/webdriver/chrome/webdriver.py:80: in __init__\n    super().__init__(\n/usr/local/lib/python3.11/site-packages/selenium/webdriver/chromium/webdriver.py:101: in __init__\n    self.service.start()\n/usr/local/lib/python3.11/site-packages/selenium/webdriver/common/service.py:106: in start\n    self.assert_process_still_running()\n_ _ _ _ _ _ _ _ _ _ _ _ _ _ _ _ _ _ _ _ _ _ _ _ _ _ _ _ _ _ _ _ _ _ _ _ _ _ _ _ \n\nself = <selenium.webdriver.chrome.service.Service object at 0x7f46527d9d10>\n\n    def assert_process_still_running(self) -> None:\n        \"\"\"Check if the underlying process is still running.\"\"\"\n        return_code = self.process.poll()\n        if return_code:\n>           raise WebDriverException(f\"Service {self.path} unexpectedly exited. Status code was: {return_code}\")\nE           selenium.common.exceptions.WebDriverException: Message: Service chromedriver unexpectedly exited. Status code was: 127\n\n/usr/local/lib/python3.11/site-packages/selenium/webdriver/common/service.py:119: WebDriverException"}, "description": "заведомо ложный тест", "start": 1681420808072, "stop": 1681420808072, "uuid": "def20782-23f1-4084-ab9d-bb9d9f8d64c4", "historyId": "f60aa846910ff77761e4aa09a4361c39", "testCaseId": "49908c7cc000a11de92b74470f34e487", "fullName": "tests.test_product_page#test_guest_cant_see_success_message", "labels": [{"name": "tag", "value": "@pytest.mark.xfail"}, {"name": "parentSuite", "value": "tests"}, {"name": "suite", "value": "test_product_page"}, {"name": "host", "value": "de6288d1d106"}, {"name": "thread", "value": "8-MainThread"}, {"name": "framework", "value": "pytest"}, {"name": "language", "value": "cpython3"}, {"name": "package", "value": "tests.test_product_page"}]}