{"name": "test_quest_can_add_book_to_basket[http://selenium1py.pythonanywhere.com/catalogue/coders-at-work_207/?promo=offer8]", "status": "skipped", "statusDetails": {"message": "XFAIL 9\n\nselenium.common.exceptions.WebDriverException: Message: Service chromedriver unexpectedly exited. Status code was: 127", "trace": "request = <SubRequest 'browser' for <Function test_quest_can_add_book_to_basket[http://selenium1py.pythonanywhere.com/catalogue/coders-at-work_207/?promo=offer8]>>\n\n    @pytest.fixture(scope='function')\n    def browser(request):\n        browser_name = request.config.getoption(\"browser_name\")\n        language = request.config.getoption(\"language\")\n        if browser_name == 'chrome':\n            options = Options()\n            options.add_experimental_option('prefs', {'intl.accept_languages': language})\n            print('\\nstart browser for test..')\n>           browser = webdriver.Chrome(options=options)\n\nconftest.py:20: \n_ _ _ _ _ _ _ _ _ _ _ _ _ _ _ _ _ _ _ _ _ _ _ _ _ _ _ _ _ _ _ _ _ _ _ _ _ _ _ _ \n/usr/local/lib/python3.11/site-packages/selenium/webdriver/chrome/webdriver.py:80: in __init__\n    super().__init__(\n/usr/local/lib/python3.11/site-packages/selenium/webdriver/chromium/webdriver.py:101: in __init__\n    self.service.start()\n/usr/local/lib/python3.11/site-packages/selenium/webdriver/common/service.py:106: in start\n    self.assert_process_still_running()\n_ _ _ _ _ _ _ _ _ _ _ _ _ _ _ _ _ _ _ _ _ _ _ _ _ _ _ _ _ _ _ _ _ _ _ _ _ _ _ _ \n\nself = <selenium.webdriver.chrome.service.Service object at 0x7fce74a7c250>\n\n    def assert_process_still_running(self) -> None:\n        \"\"\"Check if the underlying process is still running.\"\"\"\n        return_code = self.process.poll()\n        if return_code:\n>           raise WebDriverException(f\"Service {self.path} unexpectedly exited. Status code was: {return_code}\")\nE           selenium.common.exceptions.WebDriverException: Message: Service chromedriver unexpectedly exited. Status code was: 127\n\n/usr/local/lib/python3.11/site-packages/selenium/webdriver/common/service.py:119: WebDriverException"}, "parameters": [{"name": "link", "value": "'http://selenium1py.pythonanywhere.com/catalogue/coders-at-work_207/?promo=offer8'"}], "start": 1681420460506, "stop": 1681420460506, "uuid": "6c1ef43b-751c-41ab-8192-5f90eed89766", "historyId": "119bd639e0eef1aa19b4c4e0caf737e9", "testCaseId": "a51f5430e162d77677d100673d264894", "fullName": "tests.test_product_page#test_quest_can_add_book_to_basket", "labels": [{"name": "epic", "value": "test of don't remember"}, {"name": "tag", "value": "need_review"}, {"name": "tag", "value": "@pytest.mark.xfail(reason='9')"}, {"name": "parentSuite", "value": "tests"}, {"name": "suite", "value": "test_product_page"}, {"name": "host", "value": "f7f35ef8956b"}, {"name": "thread", "value": "7-MainThread"}, {"name": "framework", "value": "pytest"}, {"name": "language", "value": "cpython3"}, {"name": "package", "value": "tests.test_product_page"}]}