{"name": "test_user_cant_see_success_message", "status": "broken", "statusDetails": {"message": "selenium.common.exceptions.WebDriverException: Message: Service TheFinalProject\\chromedriver.exe unexpectedly exited. Status code was: 127", "trace": "request = <SubRequest 'browser' for <Function test_user_cant_see_success_message>>\n\n    @pytest.fixture(scope='function')\n    def browser(request):\n        browser_name = request.config.getoption(\"browser_name\")\n        language = request.config.getoption(\"language\")\n        if browser_name == 'chrome':\n            options = Options()\n            options.add_experimental_option('prefs', {'intl.accept_languages': language})\n            print('\\nstart browser for test..')\n>           browser = webdriver.Chrome(options=options, executable_path=CHROME_PATH)\n\nconftest.py:20: \n_ _ _ _ _ _ _ _ _ _ _ _ _ _ _ _ _ _ _ _ _ _ _ _ _ _ _ _ _ _ _ _ _ _ _ _ _ _ _ _ \n/usr/local/lib/python3.11/site-packages/selenium/webdriver/chrome/webdriver.py:80: in __init__\n    super().__init__(\n/usr/local/lib/python3.11/site-packages/selenium/webdriver/chromium/webdriver.py:101: in __init__\n    self.service.start()\n/usr/local/lib/python3.11/site-packages/selenium/webdriver/common/service.py:106: in start\n    self.assert_process_still_running()\n_ _ _ _ _ _ _ _ _ _ _ _ _ _ _ _ _ _ _ _ _ _ _ _ _ _ _ _ _ _ _ _ _ _ _ _ _ _ _ _ \n\nself = <selenium.webdriver.chrome.service.Service object at 0x7f8a53ff1210>\n\n    def assert_process_still_running(self) -> None:\n        \"\"\"Check if the underlying process is still running.\"\"\"\n        return_code = self.process.poll()\n        if return_code:\n>           raise WebDriverException(f\"Service {self.path} unexpectedly exited. Status code was: {return_code}\")\nE           selenium.common.exceptions.WebDriverException: Message: Service TheFinalProject\\chromedriver.exe unexpectedly exited. Status code was: 127\n\n/usr/local/lib/python3.11/site-packages/selenium/webdriver/common/service.py:119: WebDriverException"}, "start": 1681453883189, "stop": 1681453883189, "uuid": "d79d48e0-4d46-49e0-8168-aa7549190fd8", "historyId": "18e5750ea2df44ddd31a3bcd3859194e", "testCaseId": "26d39d26cb5bcd67cf41a19ff21237af", "fullName": "tests.test_product_page.TestUserAddToBasketFromProductPage#test_user_cant_see_success_message", "labels": [{"name": "tag", "value": "setup"}, {"name": "parentSuite", "value": "tests"}, {"name": "suite", "value": "test_product_page"}, {"name": "subSuite", "value": "TestUserAddToBasketFromProductPage"}, {"name": "host", "value": "cd690aec8a97"}, {"name": "thread", "value": "8-MainThread"}, {"name": "framework", "value": "pytest"}, {"name": "language", "value": "cpython3"}, {"name": "package", "value": "tests.test_product_page"}]}