{"name": "test_quest_can_add_book_to_basket[http://selenium1py.pythonanywhere.com/catalogue/coders-at-work_207/?promo=offer7]", "status": "skipped", "statusDetails": {"message": "XFAIL 8\n\nAssertionError: not include name of book", "trace": "browser = <selenium.webdriver.chrome.webdriver.WebDriver (session=\"98cfebc1a1d0144cc7f493c52d32b441\")>, link = 'http://selenium1py.pythonanywhere.com/catalogue/coders-at-work_207/?promo=offer7'\n\n    @allure.epic(\"test of don't remember\")\n    @pytest.mark.need_review\n    @pytest.mark.parametrize('link', [pytest.param(\"http://selenium1py.pythonanywhere.com/catalogue/coders-at-work_207\"\n                                                   \"/?promo=offer0\", marks=pytest.mark.xfail(reason=\"1\")),\n                                      pytest.param(\"http://selenium1py.pythonanywhere.com/catalogue/coders-at-work_207\"\n                                                   \"/?promo=offer1\", marks=pytest.mark.xfail(reason=\"2\")),\n                                      pytest.param(\"http://selenium1py.pythonanywhere.com/catalogue/coders-at-work_207\"\n                                                   \"/?promo=offer2\", marks=pytest.mark.xfail(reason=\"3\")),\n                                      pytest.param(\"http://selenium1py.pythonanywhere.com/catalogue/coders-at-work_207\"\n                                                   \"/?promo=offer3\", marks=pytest.mark.xfail(reason=\"4\")),\n                                      pytest.param(\"http://selenium1py.pythonanywhere.com/catalogue/coders-at-work_207\"\n                                                   \"/?promo=offer4\", marks=pytest.mark.xfail(reason=\"5\")),\n                                      pytest.param(\"http://selenium1py.pythonanywhere.com/catalogue/coders-at-work_207\"\n                                                   \"/?promo=offer5\", marks=pytest.mark.xfail(reason=\"6\")),\n                                      pytest.param(\"http://selenium1py.pythonanywhere.com/catalogue/coders-at-work_207\"\n                                                   \"/?promo=offer6\", marks=pytest.mark.xfail(reason=\"7\")),\n                                      pytest.param(\"http://selenium1py.pythonanywhere.com/catalogue/coders-at-work_207\"\n                                                   \"/?promo=offer7\", marks=pytest.mark.xfail(reason=\"8\")),\n                                      pytest.param(\"http://selenium1py.pythonanywhere.com/catalogue/coders-at-work_207\"\n                                                   \"/?promo=offer8\", marks=pytest.mark.xfail(reason=\"9\")),\n                                      pytest.param(\"http://selenium1py.pythonanywhere.com/catalogue/coders-at-work_207\"\n                                                   \"/?promo=offer9\", marks=pytest.mark.xfail(reason=\"10\"))])\n    def test_quest_can_add_book_to_basket(browser, link):\n        page = ProductPage(browser, link)\n        page.open()\n>       page.should_be_add_to_basket()\n\ntests\\test_product_page.py:34: \n_ _ _ _ _ _ _ _ _ _ _ _ _ _ _ _ _ _ _ _ _ _ _ _ _ _ _ _ _ _ _ _ _ _ _ _ _ _ _ _ _ _ _ _ _ _ _ _ _ _ _ _ _ _ _ _ _ _ _ _ _ _ _ _ _ _ _ _ _ _ _ _ _ _ _ _ _ _ _ _ _ _ _ _ _ _ _ _ _ _ _ _ _ _ _ _ _ _ _ _ _ _ _ _ _ \npages\\product_page.py:12: in should_be_add_to_basket\n    self.include_name_of_book_in_message_of_add()\n_ _ _ _ _ _ _ _ _ _ _ _ _ _ _ _ _ _ _ _ _ _ _ _ _ _ _ _ _ _ _ _ _ _ _ _ _ _ _ _ _ _ _ _ _ _ _ _ _ _ _ _ _ _ _ _ _ _ _ _ _ _ _ _ _ _ _ _ _ _ _ _ _ _ _ _ _ _ _ _ _ _ _ _ _ _ _ _ _ _ _ _ _ _ _ _ _ _ _ _ _ _ _ _ _ \n\nself = <pages.product_page.ProductPage object at 0x000001DAD7A30B20>\n\n    def include_name_of_book_in_message_of_add(self):\n>       assert self.browser.find_element(*ProductPageLocators.NAME_OF_GOOD).text \\\n               == self.browser.find_element(*ProductPageLocators.MESSAGE_ADD_BASKET).text, 'not include name of book'\nE       AssertionError: not include name of book\n\npages\\product_page.py:36: AssertionError"}, "steps": [{"name": "Открытие браузера<selenium.webdriver.chrome.webdriver.WebDriver (session=\"98cfebc1a1d0144cc7f493c52d32b441\")>", "status": "passed", "start": 1677655467720, "stop": 1677655467723}, {"name": "Открытие ссылки http://selenium1py.pythonanywhere.com/catalogue/coders-at-work_207/?promo=offer7", "status": "passed", "start": 1677655467723, "stop": 1677655469364}, {"name": "что-то пишу не пойму", "status": "passed", "start": 1677655470468, "stop": 1677655470505}], "attachments": [{"name": "stdout", "source": "ef3a2747-dc40-4dc1-b5a4-ba126d6c1505-attachment.txt", "type": "text/plain"}], "parameters": [{"name": "link", "value": "'http://selenium1py.pythonanywhere.com/catalogue/coders-at-work_207/?promo=offer7'"}], "start": 1677655467718, "stop": 1677655470602, "uuid": "4b66dd1d-6614-4996-a227-8032a231ccfd", "historyId": "06a4cd61b40b0037a312ffb9b8ecc64b", "testCaseId": "a51f5430e162d77677d100673d264894", "fullName": "tests.test_product_page#test_quest_can_add_book_to_basket", "labels": [{"name": "epic", "value": "test of don't remember"}, {"name": "tag", "value": "need_review"}, {"name": "tag", "value": "@pytest.mark.xfail(reason='8')"}, {"name": "parentSuite", "value": "tests"}, {"name": "suite", "value": "test_product_page"}, {"name": "host", "value": "DESKTOP-M21EPSG"}, {"name": "thread", "value": "23792-MainThread"}, {"name": "framework", "value": "pytest"}, {"name": "language", "value": "cpython3"}, {"name": "package", "value": "tests.test_product_page"}]}