{"name": "test_quest_can_add_book_to_basket[http://selenium1py.pythonanywhere.com/catalogue/coders-at-work_207/?promo=offer2]", "status": "skipped", "statusDetails": {"message": "XFAIL 3\n\nselenium.common.exceptions.WebDriverException: Message: Service /root/.wdm/drivers/chromedriver/linux64/112.0.5615.49/chromedriver unexpectedly exited. Status code was: 127", "trace": "request = <SubRequest 'browser' for <Function test_quest_can_add_book_to_basket[http://selenium1py.pythonanywhere.com/catalogue/coders-at-work_207/?promo=offer2]>>\n\n    @pytest.fixture(scope='function')\n    def browser(request):\n        browser_name = request.config.getoption(\"browser_name\")\n        language = request.config.getoption(\"language\")\n        executor = request.config.getoption(\"--executor\")\n        if executor == \"local\":\n            if browser_name == 'chrome':\n                options = Options()\n                options.add_experimental_option('prefs', {'intl.accept_languages': language})\n                print('\\nstart browser for test..')\n>               browser = webdriver.Chrome(ChromeDriverManager().install(),options=options)\n\nconftest.py:24: \n_ _ _ _ _ _ _ _ _ _ _ _ _ _ _ _ _ _ _ _ _ _ _ _ _ _ _ _ _ _ _ _ _ _ _ _ _ _ _ _ \n/usr/local/lib/python3.11/site-packages/selenium/webdriver/chrome/webdriver.py:80: in __init__\n    super().__init__(\n/usr/local/lib/python3.11/site-packages/selenium/webdriver/chromium/webdriver.py:101: in __init__\n    self.service.start()\n/usr/local/lib/python3.11/site-packages/selenium/webdriver/common/service.py:106: in start\n    self.assert_process_still_running()\n_ _ _ _ _ _ _ _ _ _ _ _ _ _ _ _ _ _ _ _ _ _ _ _ _ _ _ _ _ _ _ _ _ _ _ _ _ _ _ _ \n\nself = <selenium.webdriver.chrome.service.Service object at 0x7feb46c76010>\n\n    def assert_process_still_running(self) -> None:\n        \"\"\"Check if the underlying process is still running.\"\"\"\n        return_code = self.process.poll()\n        if return_code:\n>           raise WebDriverException(f\"Service {self.path} unexpectedly exited. Status code was: {return_code}\")\nE           selenium.common.exceptions.WebDriverException: Message: Service /root/.wdm/drivers/chromedriver/linux64/112.0.5615.49/chromedriver unexpectedly exited. Status code was: 127\n\n/usr/local/lib/python3.11/site-packages/selenium/webdriver/common/service.py:119: WebDriverException"}, "parameters": [{"name": "link", "value": "'http://selenium1py.pythonanywhere.com/catalogue/coders-at-work_207/?promo=offer2'"}], "start": 1681761688715, "stop": 1681761688715, "uuid": "fe9ab7d0-5601-412c-b53a-c5d71b908b1a", "historyId": "f2c3b14535b2335a3bd8bed3146492dd", "testCaseId": "d2f2ad3bf142efe72397b00c29a93980", "fullName": "test_product_page#test_quest_can_add_book_to_basket", "labels": [{"name": "epic", "value": "test of don't remember"}, {"name": "tag", "value": "need_review"}, {"name": "tag", "value": "@pytest.mark.xfail(reason='3')"}, {"name": "suite", "value": "test_product_page"}, {"name": "host", "value": "f590dde632f3"}, {"name": "thread", "value": "8-MainThread"}, {"name": "framework", "value": "pytest"}, {"name": "language", "value": "cpython3"}, {"name": "package", "value": "test_product_page"}]}