{"name": "test_quest_can_add_book_to_basket[http://selenium1py.pythonanywhere.com/catalogue/coders-at-work_207/?promo=offer7]", "status": "skipped", "statusDetails": {"message": "XFAIL 8\n\nAssertionError: not include name of book", "trace": "browser = <selenium.webdriver.remote.webdriver.WebDriver (session=\"0298b46ee300622b78542577f5969419\")>\nlink = 'http://selenium1py.pythonanywhere.com/catalogue/coders-at-work_207/?promo=offer7'\n\n    @allure.epic(\"test of don't remember\")\n    @pytest.mark.need_review\n    @pytest.mark.parametrize('link', [pytest.param(\"http://selenium1py.pythonanywhere.com/catalogue/coders-at-work_207\"\n                                                   \"/?promo=offer0\", marks=pytest.mark.xfail(reason=\"1\")),\n                                      pytest.param(\"http://selenium1py.pythonanywhere.com/catalogue/coders-at-work_207\"\n                                                   \"/?promo=offer1\", marks=pytest.mark.xfail(reason=\"2\")),\n                                      pytest.param(\"http://selenium1py.pythonanywhere.com/catalogue/coders-at-work_207\"\n                                                   \"/?promo=offer2\", marks=pytest.mark.xfail(reason=\"3\")),\n                                      pytest.param(\"http://selenium1py.pythonanywhere.com/catalogue/coders-at-work_207\"\n                                                   \"/?promo=offer3\", marks=pytest.mark.xfail(reason=\"4\")),\n                                      pytest.param(\"http://selenium1py.pythonanywhere.com/catalogue/coders-at-work_207\"\n                                                   \"/?promo=offer4\", marks=pytest.mark.xfail(reason=\"5\")),\n                                      pytest.param(\"http://selenium1py.pythonanywhere.com/catalogue/coders-at-work_207\"\n                                                   \"/?promo=offer5\", marks=pytest.mark.xfail(reason=\"6\")),\n                                      pytest.param(\"http://selenium1py.pythonanywhere.com/catalogue/coders-at-work_207\"\n                                                   \"/?promo=offer6\", marks=pytest.mark.xfail(reason=\"7\")),\n                                      pytest.param(\"http://selenium1py.pythonanywhere.com/catalogue/coders-at-work_207\"\n                                                   \"/?promo=offer7\", marks=pytest.mark.xfail(reason=\"8\")),\n                                      pytest.param(\"http://selenium1py.pythonanywhere.com/catalogue/coders-at-work_207\"\n                                                   \"/?promo=offer8\", marks=pytest.mark.xfail(reason=\"9\")),\n                                      pytest.param(\"http://selenium1py.pythonanywhere.com/catalogue/coders-at-work_207\"\n                                                   \"/?promo=offer9\", marks=pytest.mark.xfail(reason=\"10\"))])\n    def test_quest_can_add_book_to_basket(browser, link):\n        page = ProductPage(browser, link)\n        page.open()\n>       page.should_be_add_to_basket()\n\ntest_product_page.py:34: \n_ _ _ _ _ _ _ _ _ _ _ _ _ _ _ _ _ _ _ _ _ _ _ _ _ _ _ _ _ _ _ _ _ _ _ _ _ _ _ _ \npages/product_page.py:13: in should_be_add_to_basket\n    self.include_name_of_book_in_message_of_add()\n_ _ _ _ _ _ _ _ _ _ _ _ _ _ _ _ _ _ _ _ _ _ _ _ _ _ _ _ _ _ _ _ _ _ _ _ _ _ _ _ \n\nself = <app.pages.product_page.ProductPage object at 0x7f59fcdd2910>\n\n    def include_name_of_book_in_message_of_add(self):\n>       assert self.browser.find_element(*ProductPageLocators.NAME_OF_GOOD).text \\\n               == self.browser.find_element(*ProductPageLocators.MESSAGE_ADD_BASKET).text, 'not include name of book'\nE       AssertionError: not include name of book\n\npages/product_page.py:37: AssertionError"}, "steps": [{"name": "Открытие браузера<selenium.webdriver.remote.webdriver.WebDriver (session=\"0298b46ee300622b78542577f5969419\")>", "status": "passed", "start": 1681762500392, "stop": 1681762500396}, {"name": "Открытие ссылки http://selenium1py.pythonanywhere.com/catalogue/coders-at-work_207/?promo=offer7", "status": "passed", "start": 1681762500396, "stop": 1681762501735}, {"name": "что-то пишу не пойму", "status": "passed", "start": 1681762503199, "stop": 1681762503210}], "parameters": [{"name": "link", "value": "'http://selenium1py.pythonanywhere.com/catalogue/coders-at-work_207/?promo=offer7'"}], "start": 1681762500392, "stop": 1681762503254, "uuid": "ee3ba337-c988-41f6-b672-a654b3b8b60d", "historyId": "b119fe9f1dca1a12f85b34ec7e3ab28d", "testCaseId": "d2f2ad3bf142efe72397b00c29a93980", "fullName": "test_product_page#test_quest_can_add_book_to_basket", "labels": [{"name": "epic", "value": "test of don't remember"}, {"name": "tag", "value": "need_review"}, {"name": "tag", "value": "@pytest.mark.xfail(reason='8')"}, {"name": "suite", "value": "test_product_page"}, {"name": "host", "value": "0768a2623534"}, {"name": "thread", "value": "8-MainThread"}, {"name": "framework", "value": "pytest"}, {"name": "language", "value": "cpython3"}, {"name": "package", "value": "test_product_page"}]}